[debug] [2025-11-27T21:42:46.903Z] ----------------------------------------------------------------------
[debug] [2025-11-27T21:42:46.906Z] Command:       C:\Program Files\nodejs\node.exe C:\Users\Shahd\AppData\Roaming\npm\node_modules\firebase-tools\lib\bin\firebase.js deploy
[debug] [2025-11-27T21:42:46.906Z] CLI Version:   14.26.0
[debug] [2025-11-27T21:42:46.906Z] Platform:      win32
[debug] [2025-11-27T21:42:46.907Z] Node Version:  v22.20.0
[debug] [2025-11-27T21:42:46.907Z] Time:          Thu Nov 27 2025 23:42:46 GMT+0200 (Eastern European Standard Time)
[debug] [2025-11-27T21:42:46.907Z] ----------------------------------------------------------------------
[debug] 
[debug] [2025-11-27T21:42:47.082Z] > command requires scopes: ["email","openid","https://www.googleapis.com/auth/cloudplatformprojects.readonly","https://www.googleapis.com/auth/firebase","https://www.googleapis.com/auth/cloud-platform"]
[debug] [2025-11-27T21:42:47.082Z] > authorizing via signed-in user (shahdyassin63@gmail.com)
[debug] [2025-11-27T21:42:47.082Z] [iam] checking project chainly1711 for permissions ["firebase.projects.get","firebasehosting.sites.update"]
[debug] [2025-11-27T21:42:47.083Z] Checked if tokens are valid: true, expires at: 1764281859283
[debug] [2025-11-27T21:42:47.084Z] Checked if tokens are valid: true, expires at: 1764281859283
[debug] [2025-11-27T21:42:47.084Z] >>> [apiv2][query] POST https://cloudresourcemanager.googleapis.com/v1/projects/chainly1711:testIamPermissions [none]
[debug] [2025-11-27T21:42:47.084Z] >>> [apiv2][(partial)header] POST https://cloudresourcemanager.googleapis.com/v1/projects/chainly1711:testIamPermissions x-goog-quota-user=projects/chainly1711
[debug] [2025-11-27T21:42:47.085Z] >>> [apiv2][body] POST https://cloudresourcemanager.googleapis.com/v1/projects/chainly1711:testIamPermissions {"permissions":["firebase.projects.get","firebasehosting.sites.update"]}
[debug] [2025-11-27T21:42:49.442Z] <<< [apiv2][status] POST https://cloudresourcemanager.googleapis.com/v1/projects/chainly1711:testIamPermissions 200
[debug] [2025-11-27T21:42:49.442Z] <<< [apiv2][body] POST https://cloudresourcemanager.googleapis.com/v1/projects/chainly1711:testIamPermissions {"permissions":["firebase.projects.get","firebasehosting.sites.update"]}
[debug] [2025-11-27T21:42:49.443Z] Checked if tokens are valid: true, expires at: 1764281859283
[debug] [2025-11-27T21:42:49.443Z] Checked if tokens are valid: true, expires at: 1764281859283
[debug] [2025-11-27T21:42:49.443Z] >>> [apiv2][query] GET https://firebase.googleapis.com/v1beta1/projects/chainly1711 [none]
[debug] [2025-11-27T21:42:50.358Z] <<< [apiv2][status] GET https://firebase.googleapis.com/v1beta1/projects/chainly1711 200
[debug] [2025-11-27T21:42:50.358Z] <<< [apiv2][body] GET https://firebase.googleapis.com/v1beta1/projects/chainly1711 {"projectId":"chainly1711","projectNumber":"940786708088","displayName":"Chainly","name":"projects/chainly1711","resources":{"hostingSite":"chainly1711"},"state":"ACTIVE","etag":"1_72533be6-1f2c-4ba3-8db5-baa2d2045e08"}
[info] 
[info] === Deploying to 'chainly1711'...
[info] 
[info] i  deploying hosting 
[debug] [2025-11-27T21:42:50.365Z] Checked if tokens are valid: true, expires at: 1764281859283
[debug] [2025-11-27T21:42:50.365Z] Checked if tokens are valid: true, expires at: 1764281859283
[debug] [2025-11-27T21:42:50.365Z] >>> [apiv2][query] POST https://firebasehosting.googleapis.com/v1beta1/projects/-/sites/chainly1711/versions [none]
[debug] [2025-11-27T21:42:50.365Z] >>> [apiv2][body] POST https://firebasehosting.googleapis.com/v1beta1/projects/-/sites/chainly1711/versions {"status":"CREATED","labels":{"deployment-tool":"cli-firebase"}}
[debug] [2025-11-27T21:42:52.336Z] <<< [apiv2][status] POST https://firebasehosting.googleapis.com/v1beta1/projects/-/sites/chainly1711/versions 200
[debug] [2025-11-27T21:42:52.336Z] <<< [apiv2][body] POST https://firebasehosting.googleapis.com/v1beta1/projects/-/sites/chainly1711/versions {"name":"projects/940786708088/sites/chainly1711/versions/e1b5d9f616ac2c9f","status":"CREATED","config":{},"labels":{"deployment-tool":"cli-firebase"}}
[info] i  hosting[chainly1711]: beginning deploy... 
[info] i  hosting[chainly1711]: found 71 files in dist/Chainly_Web/browser 
[debug] [2025-11-27T21:42:52.369Z] [hosting] uploading with 200 concurrency
[debug] [2025-11-27T21:42:52.379Z] Checked if tokens are valid: true, expires at: 1764281859283
[debug] [2025-11-27T21:42:52.379Z] Checked if tokens are valid: true, expires at: 1764281859283
[debug] [2025-11-27T21:42:52.380Z] [hosting] hash cache [ZGlzdFxDaGFpbmx5X1dlYlxicm93c2Vy] stored for 71 files
[debug] [2025-11-27T21:42:52.381Z] [hosting][hash queue][FINAL] {"max":4,"min":0,"avg":0.40385525330605293,"active":0,"complete":71,"success":71,"errored":0,"retried":0,"total":71,"elapsed":9}
[debug] [2025-11-27T21:42:52.381Z] >>> [apiv2][query] POST https://firebasehosting.googleapis.com/v1beta1/projects/940786708088/sites/chainly1711/versions/e1b5d9f616ac2c9f:populateFiles [none]
[debug] [2025-11-27T21:42:52.381Z] >>> [apiv2][body] POST https://firebasehosting.googleapis.com/v1beta1/projects/940786708088/sites/chainly1711/versions/e1b5d9f616ac2c9f:populateFiles {"files":{"/styles-M5E5L2MB.css":"67f50c940aff396bd0cc254b93c898d0f40e5931233a7acf32525dc5eb60df18","/polyfills-5CFQRCPP.js":"01200fec31742276cd52f441fe1fc84938c53abceeedd3f35725033f5e782591","/main-3FOFOQFV.js":"5191b1395f4a5112012bd5965c1ac53a2a5a4460c2731fcae647cddb6936c1c9","/index.html":"9b317d6702fdabb8ed80ac1da98836d1d1e6ccb1a4a7e59f52db554d54536c67","/favicon.ico":"a905b13e228420df3dbe746dfb656d37a49736494c0737d00e007c8dc7319912","/chunk-UDQAYAUN.js":"1615040ff7dde92cb3152fe076ecd8bd7f5cb573d74fc916d9a92a0dd5758ced","/chunk-OSJVGDAM.js":"b4c461fe902f74382684682e47b4c8480b5d87b93ef3cbec577986b516296227","/media/marker-icon-2V3QKKVC.png":"1a6e41ae33c0fd2c0a25649c041ed4a90bee68c5a5436fd8fa41741047a0cde8","/media/layers-55W3Q4RM.png":"355f4c5b9f8cb9eb8791dbb27e19c14866d91773e6f8ec00f46426aaf9ad9e41","/media/layers-2x-TBM42ERR.png":"7c9ef90b26a2d729e7fb8d0aae345e4dab1818dcd70f7aebd8870979821f8640","/leaflet/marker-shadow.png":"853d21855f889ea0a45ec7c61bae863af54865957f2f0cd71b7d5e321228f1ee","/leaflet/marker-icon.png":"1a6e41ae33c0fd2c0a25649c041ed4a90bee68c5a5436fd8fa41741047a0cde8","/leaflet/marker-icon-2x.png":"6925cc80ec0eeccbe4e8b71b1d68de56d9f4a2d91b6a140e8279b8a896279271","/images/logo.png":"2143cc0f9077e6d07f2029f6776318e0fe3759649baa25232ca6f60bc6b70476","/images/dashboard.png":"e952819d15827597aa1d032ff4b49ae9aa49cd60ca52c6fcc55e72c51c1b471d","/images/vision/our-mission.jpg":"27dd5b55ebedbe3e524eff259616365ebdde17558446d09cd02d9fb16b882ee5","/images/vision/global-impact.jpg":"705fcb66ea97e2052fe15304dfd90f12be5150b0ee00cb76889ef32942c8e996","/images/vision/future-ready.svg":"bfa1991adaac36deaaa14df8dcb4c95a306f39bd0dbfb7960b500c9f09154f62","/images/Login/Login-Background.png":"a5a55e03c21267fe985071ac771915eb8c3d7918e7b8f520192b3dcfcf056cb0","/images/Login/Left-Side.png":"6ac1ea2fa2502caaabd0acad8e8307b13dac8e669312f0559758fda0d7d3a793","/images/insights/supplier info card.png":"e4478649c9441291463b6617656c9f696ca8e67ba925224cc83141a166902979","/images/insights/supplier info card-2.png":"0ab0383bb0150fb407dc055a24afddf480c417920b2aaec13d326e6ab76b635f","/images/insights/orders.png":"74d957ebbce127f2568ea67a3623a2aae301b004900c4078cfaa18a3547f69ae","/images/insights/metric card.png":"077b1c0370c74719e515a987a8c01e792be5517822e1821517b3009ee0b97e8b","/images/insights/metric card-4.png":"4d35bb9c42320d613b2068f5054804b67fbf6f6916bef06ea365c93aecca094e","/images/insights/metric card-3.png":"1334438ce779fe309632687fd7adc7161e3c6336c07ea6ff61f04c0b72b66334","/images/insights/metric card-2.png":"db8cb0fdc6f8307502a436573f48bec6339aa4236d8627032fd681da1d5a1ac2","/images/insights/Defect-Products.png":"c03c8165cff17e2abbdb36219d5dfb8dea3061c4ee8106e4a22ef1d270857fca","/images/insights/chart.png":"6108a790e6104d18d71b3e48fc1ae16448e2dabe8107cbb492e155254a04c2f7","/images/insights/chart-1.png":"bcbb20ece69b58008e6b45e5dce46b17bb0a34f8000c5824f47155c5a25c82ce","/images/Hero/dashboard-numbers.png":"750c2533c34d6fbcd337b590ac76ff66f26128936dffe48535538b7e255fb4a9","/images/Hero/background.png":"927e10e37afcc7cb10c86d1c062dc5d39e10f14ed1134a74e3fb16658cabf31c","/images/contact-us/Mockup.png":"25ec7f3e06cdf6bdf4163488418428f10908f96ffd0c8a8891a4d45c7e8ec517","/images/contact-us/Mockup-Left.png":"f8f73b23adbb00bbd627157348dea517d8c8c4a9a4d45a5bf8de16f89299f148","/images/contact-us/grid.png":"f83108838362d805b38083fdc53f108aa9f5a0cbe6a269d49562b6b3ca7176cb","/icons/register/your-role.svg":"3eaf8d2aed27df0470beb590c66b0c894bdb46d2e565b5022a99ed80dd2d62ab","/icons/register/upload.svg":"93e5fb114e0f5cde1766391f5a7e21b1ddb96d73e90f1dff0f7be848f2c64a5b","/icons/register/person.svg":"38a57c9a07f856c34c23f87e248ec163ebd3ab3699c4c4d0d73b2eb2801dca3d","/icons/register/password.svg":"1a4f70c01766beeb24b2e59a5ccff0fffb4c607faea98d0bbc3f8a82108b8926","/icons/register/management-1.svg":"15ee8ddf3e787cfcc2a83614a53b69a985f3ae89c70c71ffeaa1cfa3b44f5e6a","/icons/register/location.svg":"94090780928d5830867c4f04574d58ea8017ef95ac8afef5ece56987cabaf9a4","/icons/register/email.svg":"9dd21c3c62c79d231d468bbaea508c4ee5ecd1608fa697115441523cc1b7c256","/icons/register/Customer.svg":"43f1d4e7fd9d58a93d3916383534b66b4c1f601aac5d5d6a1fe8a8b85e96447d","/icons/register/company.svg":"0a571cd5e108598564ac9b59bbeabd9551e39336018d6dac91e946a25e728736","/icons/register/check.svg":"62267307623354ab5c17c91c6e3b1a0d8353ac2e85f7262e2aa33bf05d8d275a","/icons/login/lock.svg":"1a4f70c01766beeb24b2e59a5ccff0fffb4c607faea98d0bbc3f8a82108b8926","/icons/login/google.svg":"638ad2d89b4d41f6fe81c366410601716f9ff9c20887795845fd42269618363d","/icons/login/facebook.svg":"b2f7a858e4dd7aa793e6b22d4f09ecd01cdc29e39d1259ed47cd696660d2fbd3","/icons/login/eye.svg":"6cf894e8779a7c040734d334378520fbd924db4433f1ebdcd2bd8d2a9c30445e","/icons/login/eye-slash-closed-full.svg":"62899d4a13e433ba9eb0b68d337d80b681125f30e5cd1de335182b6f21d6cc71","/icons/login/email.svg":"9dd21c3c62c79d231d468bbaea508c4ee5ecd1608fa697115441523cc1b7c256","/icons/login/apple.svg":"cce4caaa7b0ac75a710a1e9a81700fc01ed40a07ea4cc425c79f9347fb2fd20f","/icons/footer/email.png":"276e05f80943e1b2b786519fc78ee60b1b423699f5ed0097850200fae41cab38","/fonts/lufga/Fontspring-DEMO-lufga-thinitalic.otf":"2aa419a9340cc677ca965795abaedaafc30a04f7d40bd17a814abd5e9bc0db75","/fonts/lufga/Fontspring-DEMO-lufga-thin.otf":"b6c8eb201dc688162f89d5e342a356d1d90c19fa73a62973c87ab69a6c529e67","/fonts/lufga/Fontspring-DEMO-lufga-semibolditalic.otf":"0108beca608c89b1e1212d84fb1cf358ad1213f393995681f382fef8503493e2","/fonts/lufga/Fontspring-DEMO-lufga-semibold.otf":"6f9e9f209ab8b0b78bc936b8635f80776bab0b7e94237a343476186de20845d0","/fonts/lufga/Fontspring-DEMO-lufga-regular.otf":"ccd81b6200e26d0c3de82ca4083086dea25d4a514fed6e88efb77a3ab2496e16","/fonts/lufga/Fontspring-DEMO-lufga-mediumitalic.otf":"ea6d204243984636e2f9e38cbd7deb6d161f787e90e54ae3ff71b7a3db904a1b","/fonts/lufga/Fontspring-DEMO-lufga-medium.otf":"056ba95faf45ed77521699b0a3aeda62c4974010ee18f2ea4d6a5c826629dd5e","/fonts/lufga/Fontspring-DEMO-lufga-lightitalic.otf":"39fee3603dacf59ef5a67b19c526f83ffc3a7b6cce7697984f675427b8f145a0","/fonts/lufga/Fontspring-DEMO-lufga-light.otf":"663c19f6561de5f86f9f93a9d18226379e93216f0e2ce6c0db594da5df13c75c","/fonts/lufga/Fontspring-DEMO-lufga-italic.otf":"2977b98bd718398f09b4dce80bd144b07946d834bd2c4f29902fa7c8bf39230f","/fonts/lufga/Fontspring-DEMO-lufga-extralightitalic.otf":"54bad145305e87f49ae7df40142f79d9bf0d0caf20d36cc7205495856f384be1","/fonts/lufga/Fontspring-DEMO-lufga-extralight.otf":"d27c4c200064bc9664ab30ae014bcea728c22221bb1b045cda9e8c092e65e5b7","/fonts/lufga/Fontspring-DEMO-lufga-extrabolditalic.otf":"93b376c35064e62a3ff9e0251a558967dbb7bee3714fe930700f1752bee1f78d","/fonts/lufga/Fontspring-DEMO-lufga-extrabold.otf":"20bbf9b26121a00c5a3ead1978ef90c1a7a213b66b9d960c8682f163ec5ce78c","/fonts/lufga/Fontspring-DEMO-lufga-bolditalic.otf":"6b6f39102272ad576533ff9ed3102796e203af035d7e3806f86608062caa2b43","/fonts/lufga/Fontspring-DEMO-lufga-bold.otf":"2c2f70cde05f65416143b7308c963442a54bdd0108d4a2447b627cdde9d9f607","/fonts/lufga/Fontspring-DEMO-lufga-blackitalic.otf":"db8e5066ca0332057f16c7251375566e542804266ef157fc18667ab873ae621b","/fonts/lufga/Fontspring-DEMO-lufga-black.otf":"62b58bccad5ea4bfd8cb81e7ca3aee4d97432f6742bb92f2e4f56629709b7366"}}
[debug] [2025-11-27T21:42:52.792Z] <<< [apiv2][status] POST https://firebasehosting.googleapis.com/v1beta1/projects/940786708088/sites/chainly1711/versions/e1b5d9f616ac2c9f:populateFiles 200
[debug] [2025-11-27T21:42:52.792Z] <<< [apiv2][body] POST https://firebasehosting.googleapis.com/v1beta1/projects/940786708088/sites/chainly1711/versions/e1b5d9f616ac2c9f:populateFiles {"uploadRequiredHashes":["f8f73b23adbb00bbd627157348dea517d8c8c4a9a4d45a5bf8de16f89299f148","750c2533c34d6fbcd337b590ac76ff66f26128936dffe48535538b7e255fb4a9","927e10e37afcc7cb10c86d1c062dc5d39e10f14ed1134a74e3fb16658cabf31c"],"uploadUrl":"https://upload-firebasehosting.googleapis.com/upload/sites/chainly1711/versions/e1b5d9f616ac2c9f/files"}
[debug] [2025-11-27T21:42:52.793Z] Checked if tokens are valid: true, expires at: 1764281859283
[debug] [2025-11-27T21:42:52.793Z] Checked if tokens are valid: true, expires at: 1764281859283
[debug] [2025-11-27T21:42:52.794Z] Checked if tokens are valid: true, expires at: 1764281859283
[debug] [2025-11-27T21:42:52.794Z] Checked if tokens are valid: true, expires at: 1764281859283
[debug] [2025-11-27T21:42:52.794Z] Checked if tokens are valid: true, expires at: 1764281859283
[debug] [2025-11-27T21:42:52.794Z] Checked if tokens are valid: true, expires at: 1764281859283
[debug] [2025-11-27T21:42:52.795Z] >>> [apiv2][query] POST https://upload-firebasehosting.googleapis.com/upload/sites/chainly1711/versions/e1b5d9f616ac2c9f/files/f8f73b23adbb00bbd627157348dea517d8c8c4a9a4d45a5bf8de16f89299f148 [none]
[debug] [2025-11-27T21:42:52.795Z] >>> [apiv2][body] POST https://upload-firebasehosting.googleapis.com/upload/sites/chainly1711/versions/e1b5d9f616ac2c9f/files/f8f73b23adbb00bbd627157348dea517d8c8c4a9a4d45a5bf8de16f89299f148 [stream]
[debug] [2025-11-27T21:42:52.796Z] >>> [apiv2][query] POST https://upload-firebasehosting.googleapis.com/upload/sites/chainly1711/versions/e1b5d9f616ac2c9f/files/750c2533c34d6fbcd337b590ac76ff66f26128936dffe48535538b7e255fb4a9 [none]
[debug] [2025-11-27T21:42:52.796Z] >>> [apiv2][body] POST https://upload-firebasehosting.googleapis.com/upload/sites/chainly1711/versions/e1b5d9f616ac2c9f/files/750c2533c34d6fbcd337b590ac76ff66f26128936dffe48535538b7e255fb4a9 [stream]
[debug] [2025-11-27T21:42:52.798Z] >>> [apiv2][query] POST https://upload-firebasehosting.googleapis.com/upload/sites/chainly1711/versions/e1b5d9f616ac2c9f/files/927e10e37afcc7cb10c86d1c062dc5d39e10f14ed1134a74e3fb16658cabf31c [none]
[debug] [2025-11-27T21:42:52.798Z] >>> [apiv2][body] POST https://upload-firebasehosting.googleapis.com/upload/sites/chainly1711/versions/e1b5d9f616ac2c9f/files/927e10e37afcc7cb10c86d1c062dc5d39e10f14ed1134a74e3fb16658cabf31c [stream]
[debug] [2025-11-27T21:42:52.800Z] [hosting][populate queue][FINAL] {"max":415,"min":415,"avg":415,"active":0,"complete":1,"success":1,"errored":0,"retried":0,"total":1,"elapsed":421}
[debug] [2025-11-27T21:42:52.800Z] [hosting] uploads queued: 3
[debug] [2025-11-27T21:43:28.081Z] [uploadQueue] Retrying task 927e10e37afcc7cb10c86d1c062dc5d39e10f14ed1134a74e3fb16658cabf31c
[debug] [2025-11-27T21:43:28.082Z] Checked if tokens are valid: true, expires at: 1764281859283
[debug] [2025-11-27T21:43:28.083Z] Checked if tokens are valid: true, expires at: 1764281859283
[debug] [2025-11-27T21:43:28.083Z] >>> [apiv2][query] POST https://upload-firebasehosting.googleapis.com/upload/sites/chainly1711/versions/e1b5d9f616ac2c9f/files/927e10e37afcc7cb10c86d1c062dc5d39e10f14ed1134a74e3fb16658cabf31c [none]
[debug] [2025-11-27T21:43:28.083Z] >>> [apiv2][body] POST https://upload-firebasehosting.googleapis.com/upload/sites/chainly1711/versions/e1b5d9f616ac2c9f/files/927e10e37afcc7cb10c86d1c062dc5d39e10f14ed1134a74e3fb16658cabf31c [stream]
[debug] [2025-11-27T21:43:28.378Z] [uploadQueue] Retrying task f8f73b23adbb00bbd627157348dea517d8c8c4a9a4d45a5bf8de16f89299f148
[debug] [2025-11-27T21:43:28.379Z] Checked if tokens are valid: true, expires at: 1764281859283
[debug] [2025-11-27T21:43:28.379Z] Checked if tokens are valid: true, expires at: 1764281859283
[debug] [2025-11-27T21:43:28.380Z] >>> [apiv2][query] POST https://upload-firebasehosting.googleapis.com/upload/sites/chainly1711/versions/e1b5d9f616ac2c9f/files/f8f73b23adbb00bbd627157348dea517d8c8c4a9a4d45a5bf8de16f89299f148 [none]
[debug] [2025-11-27T21:43:28.380Z] >>> [apiv2][body] POST https://upload-firebasehosting.googleapis.com/upload/sites/chainly1711/versions/e1b5d9f616ac2c9f/files/f8f73b23adbb00bbd627157348dea517d8c8c4a9a4d45a5bf8de16f89299f148 [stream]
[debug] [2025-11-27T21:44:03.776Z] [uploadQueue] Retrying task 927e10e37afcc7cb10c86d1c062dc5d39e10f14ed1134a74e3fb16658cabf31c
[debug] [2025-11-27T21:44:03.777Z] Checked if tokens are valid: true, expires at: 1764281859283
[debug] [2025-11-27T21:44:03.777Z] Checked if tokens are valid: true, expires at: 1764281859283
[debug] [2025-11-27T21:44:03.777Z] >>> [apiv2][query] POST https://upload-firebasehosting.googleapis.com/upload/sites/chainly1711/versions/e1b5d9f616ac2c9f/files/927e10e37afcc7cb10c86d1c062dc5d39e10f14ed1134a74e3fb16658cabf31c [none]
[debug] [2025-11-27T21:44:03.777Z] >>> [apiv2][body] POST https://upload-firebasehosting.googleapis.com/upload/sites/chainly1711/versions/e1b5d9f616ac2c9f/files/927e10e37afcc7cb10c86d1c062dc5d39e10f14ed1134a74e3fb16658cabf31c [stream]
[debug] [2025-11-27T21:44:04.379Z] [uploadQueue] Retrying task f8f73b23adbb00bbd627157348dea517d8c8c4a9a4d45a5bf8de16f89299f148
[debug] [2025-11-27T21:44:04.380Z] Checked if tokens are valid: true, expires at: 1764281859283
[debug] [2025-11-27T21:44:04.380Z] Checked if tokens are valid: true, expires at: 1764281859283
[debug] [2025-11-27T21:44:04.381Z] >>> [apiv2][query] POST https://upload-firebasehosting.googleapis.com/upload/sites/chainly1711/versions/e1b5d9f616ac2c9f/files/f8f73b23adbb00bbd627157348dea517d8c8c4a9a4d45a5bf8de16f89299f148 [none]
[debug] [2025-11-27T21:44:04.381Z] >>> [apiv2][body] POST https://upload-firebasehosting.googleapis.com/upload/sites/chainly1711/versions/e1b5d9f616ac2c9f/files/f8f73b23adbb00bbd627157348dea517d8c8c4a9a4d45a5bf8de16f89299f148 [stream]
[debug] [2025-11-27T21:44:40.271Z] [uploadQueue] Retrying task 927e10e37afcc7cb10c86d1c062dc5d39e10f14ed1134a74e3fb16658cabf31c
[debug] [2025-11-27T21:44:40.273Z] Checked if tokens are valid: true, expires at: 1764281859283
[debug] [2025-11-27T21:44:40.273Z] Checked if tokens are valid: true, expires at: 1764281859283
[debug] [2025-11-27T21:44:40.273Z] >>> [apiv2][query] POST https://upload-firebasehosting.googleapis.com/upload/sites/chainly1711/versions/e1b5d9f616ac2c9f/files/927e10e37afcc7cb10c86d1c062dc5d39e10f14ed1134a74e3fb16658cabf31c [none]
[debug] [2025-11-27T21:44:40.273Z] >>> [apiv2][body] POST https://upload-firebasehosting.googleapis.com/upload/sites/chainly1711/versions/e1b5d9f616ac2c9f/files/927e10e37afcc7cb10c86d1c062dc5d39e10f14ed1134a74e3fb16658cabf31c [stream]
[debug] [2025-11-27T21:44:41.175Z] [uploadQueue] Retrying task f8f73b23adbb00bbd627157348dea517d8c8c4a9a4d45a5bf8de16f89299f148
[debug] [2025-11-27T21:44:41.176Z] Checked if tokens are valid: true, expires at: 1764281859283
[debug] [2025-11-27T21:44:41.177Z] Checked if tokens are valid: true, expires at: 1764281859283
[debug] [2025-11-27T21:44:41.177Z] >>> [apiv2][query] POST https://upload-firebasehosting.googleapis.com/upload/sites/chainly1711/versions/e1b5d9f616ac2c9f/files/f8f73b23adbb00bbd627157348dea517d8c8c4a9a4d45a5bf8de16f89299f148 [none]
[debug] [2025-11-27T21:44:41.177Z] >>> [apiv2][body] POST https://upload-firebasehosting.googleapis.com/upload/sites/chainly1711/versions/e1b5d9f616ac2c9f/files/f8f73b23adbb00bbd627157348dea517d8c8c4a9a4d45a5bf8de16f89299f148 [stream]
